[    55.055] (--) Log file renamed from "/home/cory/.local/share/xorg/Xorg.pid-1331.log" to "/home/cory/.local/share/xorg/Xorg.0.log"
[    55.056] 
X.Org X Server 1.20.4
X Protocol Version 11, Revision 0
[    55.056] Build Operating System: Linux 4.4.0-148-generic x86_64 Ubuntu
[    55.056] Current Operating System: Linux cory-desktop 5.0.0-36-generic #39~18.04.1-Ubuntu SMP Tue Nov 12 11:09:50 UTC 2019 x86_64
[    55.056] Kernel command line: BOOT_IMAGE=/boot/vmlinuz-5.0.0-36-generic root=UUID=55b8531b-763a-45e8-8610-c833d3cd5dd2 ro quiet splash vt.handoff=1
[    55.056] Build Date: 02 May 2019  08:06:54AM
[    55.056] xorg-server-hwe-18.04 2:1.20.4-1ubuntu3~18.04.1 (For technical support please see http://www.ubuntu.com/support) 
[    55.056] Current version of pixman: 0.34.0
[    55.056] 	Before reporting problems, check http://wiki.x.org
	to make sure that you have the latest version.
[    55.056] Markers: (--) probed, (**) from config file, (==) default setting,
	(++) from command line, (!!) notice, (II) informational,
	(WW) warning, (EE) error, (NI) not implemented, (??) unknown.
[    55.056] (==) Log file: "/home/cory/.local/share/xorg/Xorg.0.log", Time: Thu Nov 28 06:56:12 2019
[    55.057] (==) Using system config directory "/usr/share/X11/xorg.conf.d"
[    55.059] (==) No Layout section.  Using the first Screen section.
[    55.059] (==) No screen section available. Using defaults.
[    55.059] (**) |-->Screen "Default Screen Section" (0)
[    55.059] (**) |   |-->Monitor "<default monitor>"
[    55.060] (==) No monitor specified for screen "Default Screen Section".
	Using a default monitor configuration.
[    55.060] (==) Automatically adding devices
[    55.060] (==) Automatically enabling devices
[    55.060] (==) Automatically adding GPU devices
[    55.060] (==) Automatically binding GPU devices
[    55.061] (==) Max clients allowed: 256, resource mask: 0x1fffff
[    55.061] (WW) The directory "/usr/share/fonts/X11/cyrillic" does not exist.
[    55.061] 	Entry deleted from font path.
[    55.061] (WW) The directory "/usr/share/fonts/X11/100dpi/" does not exist.
[    55.061] 	Entry deleted from font path.
[    55.061] (WW) The directory "/usr/share/fonts/X11/75dpi/" does not exist.
[    55.061] 	Entry deleted from font path.
[    55.061] (WW) The directory "/usr/share/fonts/X11/100dpi" does not exist.
[    55.061] 	Entry deleted from font path.
[    55.061] (WW) The directory "/usr/share/fonts/X11/75dpi" does not exist.
[    55.061] 	Entry deleted from font path.
[    55.061] (==) FontPath set to:
	/usr/share/fonts/X11/misc,
	/usr/share/fonts/X11/Type1,
	built-ins
[    55.061] (==) ModulePath set to "/usr/lib/xorg/modules"
[    55.061] (II) The server relies on udev to provide the list of input devices.
	If no devices become available, reconfigure udev or disable AutoAddDevices.
[    55.061] (II) Loader magic: 0x55eb0e5f0020
[    55.061] (II) Module ABI versions:
[    55.061] 	X.Org ANSI C Emulation: 0.4
[    55.061] 	X.Org Video Driver: 24.0
[    55.061] 	X.Org XInput driver : 24.1
[    55.061] 	X.Org Server Extension : 10.0
[    55.062] (++) using VT number 2

[    55.065] (II) systemd-logind: took control of session /org/freedesktop/login1/session/_32
[    55.066] (II) xfree86: Adding drm device (/dev/dri/card0)
[    55.067] (II) systemd-logind: got fd for /dev/dri/card0 226:0 fd 12 paused 0
[    55.071] (--) PCI:*(0@0:2:0) 8086:5917:1043:1061 rev 7, Mem @ 0xee000000/16777216, 0xd0000000/268435456, I/O @ 0x0000f000/64, BIOS @ 0x????????/131072
[    55.071] (II) LoadModule: "glx"
[    55.073] (II) Loading /usr/lib/xorg/modules/extensions/libglx.so
[    55.076] (II) Module glx: vendor="X.Org Foundation"
[    55.076] 	compiled for 1.20.4, module version = 1.0.0
[    55.076] 	ABI class: X.Org Server Extension, version 10.0
[    55.076] (==) Matched modesetting as autoconfigured driver 0
[    55.077] (==) Matched fbdev as autoconfigured driver 1
[    55.077] (==) Matched vesa as autoconfigured driver 2
[    55.077] (==) Assigned the driver to the xf86ConfigLayout
[    55.077] (II) LoadModule: "modesetting"
[    55.077] (II) Loading /usr/lib/xorg/modules/drivers/modesetting_drv.so
[    55.078] (II) Module modesetting: vendor="X.Org Foundation"
[    55.078] 	compiled for 1.20.4, module version = 1.20.4
[    55.078] 	Module class: X.Org Video Driver
[    55.078] 	ABI class: X.Org Video Driver, version 24.0
[    55.078] (II) LoadModule: "fbdev"
[    55.079] (II) Loading /usr/lib/xorg/modules/drivers/fbdev_drv.so
[    55.079] (II) Module fbdev: vendor="X.Org Foundation"
[    55.079] 	compiled for 1.20.1, module version = 0.5.0
[    55.079] 	Module class: X.Org Video Driver
[    55.079] 	ABI class: X.Org Video Driver, version 24.0
[    55.080] (II) LoadModule: "vesa"
[    55.080] (II) Loading /usr/lib/xorg/modules/drivers/vesa_drv.so
[    55.080] (II) Module vesa: vendor="X.Org Foundation"
[    55.081] 	compiled for 1.20.1, module version = 2.4.0
[    55.081] 	Module class: X.Org Video Driver
[    55.081] 	ABI class: X.Org Video Driver, version 24.0
[    55.081] (II) modesetting: Driver for Modesetting Kernel Drivers: kms
[    55.081] (II) FBDEV: driver for framebuffer: fbdev
[    55.081] (II) VESA: driver for VESA chipsets: vesa
[    55.081] xf86EnableIOPorts: failed to set IOPL for I/O (Operation not permitted)
[    55.081] (II) modeset(0): using drv /dev/dri/card0
[    55.081] (WW) Falling back to old probe method for fbdev
[    55.081] (II) Loading sub module "fbdevhw"
[    55.081] (II) LoadModule: "fbdevhw"
[    55.081] (II) Loading /usr/lib/xorg/modules/libfbdevhw.so
[    55.082] (II) Module fbdevhw: vendor="X.Org Foundation"
[    55.082] 	compiled for 1.20.4, module version = 0.0.2
[    55.082] 	ABI class: X.Org Video Driver, version 24.0
[    55.082] (EE) open /dev/fb0: Permission denied
[    55.082] (WW) VGA arbiter: cannot open kernel arbiter, no multi-card support
[    55.082] (II) modeset(0): Creating default Display subsection in Screen section
	"Default Screen Section" for depth/fbbpp 24/32
[    55.082] (==) modeset(0): Depth 24, (==) framebuffer bpp 32
[    55.082] (==) modeset(0): RGB weight 888
[    55.082] (==) modeset(0): Default visual is TrueColor
[    55.083] (II) Loading sub module "glamoregl"
[    55.083] (II) LoadModule: "glamoregl"
[    55.083] (II) Loading /usr/lib/xorg/modules/libglamoregl.so
[    55.092] (II) Module glamoregl: vendor="X.Org Foundation"
[    55.092] 	compiled for 1.20.4, module version = 1.0.1
[    55.092] 	ABI class: X.Org ANSI C Emulation, version 0.4
[    55.118] (II) modeset(0): glamor X acceleration enabled on Mesa DRI Intel(R) UHD Graphics 620 (Kabylake GT2) 
[    55.118] (II) modeset(0): glamor initialized
[    55.119] (II) modeset(0): Output eDP-1 has no monitor section
[    55.124] (II) modeset(0): Output HDMI-1 has no monitor section
[    55.126] (II) modeset(0): EDID for output eDP-1
[    55.126] (II) modeset(0): Manufacturer: LGD  Model: 563  Serial#: 0
[    55.126] (II) modeset(0): Year: 2017  Week: 0
[    55.126] (II) modeset(0): EDID Version: 1.4
[    55.126] (II) modeset(0): Digital Display Input
[    55.126] (II) modeset(0): 8 bits per channel
[    55.126] (II) modeset(0): Digital interface is DisplayPort
[    55.126] (II) modeset(0): Max Image Size [cm]: horiz.: 34  vert.: 19
[    55.126] (II) modeset(0): Gamma: 2.20
[    55.126] (II) modeset(0): No DPMS capabilities specified
[    55.126] (II) modeset(0): Supported color encodings: RGB 4:4:4 
[    55.126] (II) modeset(0): First detailed timing is preferred mode
[    55.126] (II) modeset(0): Preferred mode is native pixel format and refresh rate
[    55.126] (II) modeset(0): redX: 0.585 redY: 0.355   greenX: 0.335 greenY: 0.560
[    55.126] (II) modeset(0): blueX: 0.155 blueY: 0.115   whiteX: 0.313 whiteY: 0.329
[    55.126] (II) modeset(0): Manufacturer's mask: 0
[    55.126] (II) modeset(0): Supported detailed timing:
[    55.126] (II) modeset(0): clock: 138.6 MHz   Image Size:  344 x 194 mm
[    55.126] (II) modeset(0): h_active: 1920  h_sync: 1968  h_sync_end 2000 h_blank_end 2080 h_border: 0
[    55.126] (II) modeset(0): v_active: 1080  v_sync: 1083  v_sync_end 1088 v_blanking: 1111 v_border: 0
[    55.126] (II) modeset(0):  LG Display
[    55.126] (II) modeset(0):  LP156WF9-SPK1
[    55.126] (II) modeset(0): EDID (in hex):
[    55.126] (II) modeset(0): 	00ffffffffffff0030e4630500000000
[    55.126] (II) modeset(0): 	001b0104a522137802cde5955b558f27
[    55.126] (II) modeset(0): 	1d505400000001010101010101010101
[    55.126] (II) modeset(0): 	010101010101243680a070381f403020
[    55.126] (II) modeset(0): 	350058c2100000190000000000000000
[    55.126] (II) modeset(0): 	00000000000000000000000000fe004c
[    55.126] (II) modeset(0): 	4720446973706c61790a2020000000fe
[    55.126] (II) modeset(0): 	004c503135365746392d53504b310026
[    55.126] (II) modeset(0): Printing probed modes for output eDP-1
[    55.126] (II) modeset(0): Modeline "1920x1080"x60.0  138.60  1920 1968 2000 2080  1080 1083 1088 1111 -hsync -vsync (66.6 kHz eP)
[    55.126] (II) modeset(0): Modeline "1920x1080"x119.9  266.50  1920 1944 1960 2000  1080 1081 1084 1111 doublescan +hsync -vsync (133.2 kHz d)
[    55.126] (II) modeset(0): Modeline "1920x1080"x60.0  173.00  1920 2048 2248 2576  1080 1083 1088 1120 -hsync +vsync (67.2 kHz d)
[    55.126] (II) modeset(0): Modeline "1920x1080"x59.9  138.50  1920 1968 2000 2080  1080 1083 1088 1111 +hsync -vsync (66.6 kHz d)
[    55.126] (II) modeset(0): Modeline "1680x1050"x60.0  146.25  1680 1784 1960 2240  1050 1053 1059 1089 -hsync +vsync (65.3 kHz d)
[    55.126] (II) modeset(0): Modeline "1680x1050"x59.9  119.00  1680 1728 1760 1840  1050 1053 1059 1080 +hsync -vsync (64.7 kHz d)
[    55.126] (II) modeset(0): Modeline "1600x1024"x60.2  103.12  1600 1600 1656 1664  1024 1024 1029 1030 +hsync +vsync (62.0 kHz d)
[    55.126] (II) modeset(0): Modeline "1400x1050"x60.0  122.00  1400 1488 1640 1880  1050 1052 1064 1082 +hsync +vsync (64.9 kHz d)
[    55.126] (II) modeset(0): Modeline "1600x900"x120.0  246.00  1600 1728 1900 2200  900 901 904 932 doublescan -hsync +vsync (111.8 kHz d)
[    55.126] (II) modeset(0): Modeline "1600x900"x119.9  186.50  1600 1624 1640 1680  900 901 904 926 doublescan +hsync -vsync (111.0 kHz d)
[    55.126] (II) modeset(0): Modeline "1600x900"x59.9  118.25  1600 1696 1856 2112  900 903 908 934 -hsync +vsync (56.0 kHz d)
[    55.126] (II) modeset(0): Modeline "1600x900"x59.8   97.50  1600 1648 1680 1760  900 903 908 926 +hsync -vsync (55.4 kHz d)
[    55.126] (II) modeset(0): Modeline "1280x1024"x60.0  108.00  1280 1328 1440 1688  1024 1025 1028 1066 +hsync +vsync (64.0 kHz d)
[    55.126] (II) modeset(0): Modeline "1440x900"x59.9  106.50  1440 1520 1672 1904  900 903 909 934 -hsync +vsync (55.9 kHz d)
[    55.126] (II) modeset(0): Modeline "1400x900"x60.0  103.50  1400 1480 1624 1848  900 903 913 934 -hsync +vsync (56.0 kHz d)
[    55.126] (II) modeset(0): Modeline "1400x900"x59.9   86.50  1400 1448 1480 1560  900 903 913 926 +hsync -vsync (55.4 kHz d)
[    55.126] (II) modeset(0): Modeline "1280x960"x60.0  108.00  1280 1376 1488 1800  960 961 964 1000 +hsync +vsync (60.0 kHz d)
[    55.126] (II) modeset(0): Modeline "1440x810"x120.0  198.12  1440 1548 1704 1968  810 811 814 839 doublescan -hsync +vsync (100.7 kHz d)
[    55.126] (II) modeset(0): Modeline "1440x810"x119.9  151.88  1440 1464 1480 1520  810 811 814 833 doublescan +hsync -vsync (99.9 kHz d)
[    55.126] (II) modeset(0): Modeline "1368x768"x59.9   85.25  1368 1440 1576 1784  768 771 781 798 -hsync +vsync (47.8 kHz d)
[    55.126] (II) modeset(0): Modeline "1368x768"x59.9   72.25  1368 1416 1448 1528  768 771 781 790 +hsync -vsync (47.3 kHz d)
[    55.126] (II) modeset(0): Modeline "1360x768"x59.8   84.75  1360 1432 1568 1776  768 771 781 798 -hsync +vsync (47.7 kHz d)
[    55.126] (II) modeset(0): Modeline "1360x768"x60.0   72.00  1360 1408 1440 1520  768 771 781 790 +hsync -vsync (47.4 kHz d)
[    55.127] (II) modeset(0): Modeline "1280x800"x120.0  174.25  1280 1380 1516 1752  800 801 804 829 doublescan -hsync +vsync (99.5 kHz d)
[    55.127] (II) modeset(0): Modeline "1280x800"x119.9  134.25  1280 1304 1320 1360  800 801 804 823 doublescan +hsync -vsync (98.7 kHz d)
[    55.127] (II) modeset(0): Modeline "1280x800"x59.8   83.50  1280 1352 1480 1680  800 803 809 831 -hsync +vsync (49.7 kHz d)
[    55.127] (II) modeset(0): Modeline "1280x800"x59.9   71.00  1280 1328 1360 1440  800 803 809 823 +hsync -vsync (49.3 kHz d)
[    55.127] (II) modeset(0): Modeline "1152x864"x60.0   81.62  1152 1216 1336 1520  864 865 868 895 -hsync +vsync (53.7 kHz d)
[    55.127] (II) modeset(0): Modeline "1280x720"x120.0  156.12  1280 1376 1512 1744  720 721 724 746 doublescan -hsync +vsync (89.5 kHz d)
[    55.127] (II) modeset(0): Modeline "1280x720"x120.0  120.75  1280 1304 1320 1360  720 721 724 740 doublescan +hsync -vsync (88.8 kHz d)
[    55.127] (II) modeset(0): Modeline "1280x720"x59.9   74.50  1280 1344 1472 1664  720 723 728 748 -hsync +vsync (44.8 kHz d)
[    55.127] (II) modeset(0): Modeline "1280x720"x59.7   63.75  1280 1328 1360 1440  720 723 728 741 +hsync -vsync (44.3 kHz d)
[    55.127] (II) modeset(0): Modeline "1024x768"x120.1  133.47  1024 1100 1212 1400  768 768 770 794 doublescan -hsync +vsync (95.3 kHz d)
[    55.127] (II) modeset(0): Modeline "1024x768"x60.0   65.00  1024 1048 1184 1344  768 771 777 806 -hsync -vsync (48.4 kHz d)
[    55.127] (II) modeset(0): Modeline "960x720"x120.0  117.00  960 1024 1128 1300  720 720 722 750 doublescan -hsync +vsync (90.0 kHz d)
[    55.127] (II) modeset(0): Modeline "928x696"x120.1  109.15  928 976 1088 1264  696 696 698 719 doublescan -hsync +vsync (86.4 kHz d)
[    55.127] (II) modeset(0): Modeline "896x672"x120.0  102.40  896 960 1060 1224  672 672 674 697 doublescan -hsync +vsync (83.7 kHz d)
[    55.127] (II) modeset(0): Modeline "1024x576"x119.9   98.50  1024 1092 1200 1376  576 577 580 597 doublescan -hsync +vsync (71.6 kHz d)
[    55.127] (II) modeset(0): Modeline "1024x576"x119.9   78.38  1024 1048 1064 1104  576 577 580 592 doublescan +hsync -vsync (71.0 kHz d)
[    55.127] (II) modeset(0): Modeline "1024x576"x59.9   46.50  1024 1064 1160 1296  576 579 584 599 -hsync +vsync (35.9 kHz d)
[    55.127] (II) modeset(0): Modeline "1024x576"x59.8   42.00  1024 1072 1104 1184  576 579 584 593 +hsync -vsync (35.5 kHz d)
[    55.127] (II) modeset(0): Modeline "960x600"x119.9   96.62  960 1028 1128 1296  600 601 604 622 doublescan -hsync +vsync (74.6 kHz d)
[    55.127] (II) modeset(0): Modeline "960x600"x120.0   77.00  960 984 1000 1040  600 601 604 617 doublescan +hsync -vsync (74.0 kHz d)
[    55.127] (II) modeset(0): Modeline "960x540"x119.9   86.50  960 1024 1124 1288  540 541 544 560 doublescan -hsync +vsync (67.2 kHz d)
[    55.127] (II) modeset(0): Modeline "960x540"x120.0   69.25  960 984 1000 1040  540 541 544 555 doublescan +hsync -vsync (66.6 kHz d)
[    55.127] (II) modeset(0): Modeline "960x540"x59.6   40.75  960 992 1088 1216  540 543 548 562 -hsync +vsync (33.5 kHz d)
[    55.127] (II) modeset(0): Modeline "960x540"x59.8   37.25  960 1008 1040 1120  540 543 548 556 +hsync -vsync (33.3 kHz d)
[    55.127] (II) modeset(0): Modeline "800x600"x120.0   81.00  800 832 928 1080  600 600 602 625 doublescan +hsync +vsync (75.0 kHz d)
[    55.127] (II) modeset(0): Modeline "800x600"x60.3   40.00  800 840 968 1056  600 601 605 628 +hsync +vsync (37.9 kHz d)
[    55.127] (II) modeset(0): Modeline "800x600"x56.2   36.00  800 824 896 1024  600 601 603 625 +hsync +vsync (35.2 kHz d)
[    55.127] (II) modeset(0): Modeline "840x525"x120.0   73.12  840 892 980 1120  525 526 529 544 doublescan -hsync +vsync (65.3 kHz d)
[    55.127] (II) modeset(0): Modeline "840x525"x119.8   59.50  840 864 880 920  525 526 529 540 doublescan +hsync -vsync (64.7 kHz d)
[    55.127] (II) modeset(0): Modeline "864x486"x59.9   32.50  864 888 968 1072  486 489 494 506 -hsync +vsync (30.3 kHz d)
[    55.127] (II) modeset(0): Modeline "864x486"x59.6   30.50  864 912 944 1024  486 489 494 500 +hsync -vsync (29.8 kHz d)
[    55.127] (II) modeset(0): Modeline "800x512"x120.3   51.56  800 800 828 832  512 512 514 515 doublescan +hsync +vsync (62.0 kHz d)
[    55.127] (II) modeset(0): Modeline "700x525"x120.0   61.00  700 744 820 940  525 526 532 541 doublescan +hsync +vsync (64.9 kHz d)
[    55.127] (II) modeset(0): Modeline "800x450"x119.9   59.12  800 848 928 1056  450 451 454 467 doublescan -hsync +vsync (56.0 kHz d)
[    55.127] (II) modeset(0): Modeline "800x450"x119.6   48.75  800 824 840 880  450 451 454 463 doublescan +hsync -vsync (55.4 kHz d)
[    55.127] (II) modeset(0): Modeline "640x512"x120.0   54.00  640 664 720 844  512 512 514 533 doublescan +hsync +vsync (64.0 kHz d)
[    55.127] (II) modeset(0): Modeline "720x450"x119.8   53.25  720 760 836 952  450 451 454 467 doublescan -hsync +vsync (55.9 kHz d)
[    55.127] (II) modeset(0): Modeline "700x450"x119.9   51.75  700 740 812 924  450 451 456 467 doublescan -hsync +vsync (56.0 kHz d)
[    55.127] (II) modeset(0): Modeline "700x450"x119.8   43.25  700 724 740 780  450 451 456 463 doublescan +hsync -vsync (55.4 kHz d)
[    55.127] (II) modeset(0): Modeline "640x480"x120.0   54.00  640 688 744 900  480 480 482 500 doublescan +hsync +vsync (60.0 kHz d)
[    55.127] (II) modeset(0): Modeline "640x480"x59.9   25.18  640 656 752 800  480 490 492 525 -hsync -vsync (31.5 kHz d)
[    55.127] (II) modeset(0): Modeline "720x405"x59.5   22.50  720 744 808 896  405 408 413 422 -hsync +vsync (25.1 kHz d)
[    55.127] (II) modeset(0): Modeline "720x405"x59.0   21.75  720 768 800 880  405 408 413 419 +hsync -vsync (24.7 kHz d)
[    55.127] (II) modeset(0): Modeline "684x384"x119.8   42.62  684 720 788 892  384 385 390 399 doublescan -hsync +vsync (47.8 kHz d)
[    55.127] (II) modeset(0): Modeline "684x384"x119.7   36.12  684 708 724 764  384 385 390 395 doublescan +hsync -vsync (47.3 kHz d)
[    55.127] (II) modeset(0): Modeline "680x384"x119.6   42.38  680 716 784 888  384 385 390 399 doublescan -hsync +vsync (47.7 kHz d)
[    55.127] (II) modeset(0): Modeline "680x384"x119.9   36.00  680 704 720 760  384 385 390 395 doublescan +hsync -vsync (47.4 kHz d)
[    55.127] (II) modeset(0): Modeline "640x400"x119.8   41.75  640 676 740 840  400 401 404 415 doublescan -hsync +vsync (49.7 kHz d)
[    55.127] (II) modeset(0): Modeline "640x400"x120.0   35.50  640 664 680 720  400 401 404 411 doublescan +hsync -vsync (49.3 kHz d)
[    55.127] (II) modeset(0): Modeline "576x432"x120.1   40.81  576 608 668 760  432 432 434 447 doublescan -hsync +vsync (53.7 kHz d)
[    55.127] (II) modeset(0): Modeline "640x360"x119.7   37.25  640 672 736 832  360 361 364 374 doublescan -hsync +vsync (44.8 kHz d)
[    55.127] (II) modeset(0): Modeline "640x360"x119.7   31.88  640 664 680 720  360 361 364 370 doublescan +hsync -vsync (44.3 kHz d)
[    55.127] (II) modeset(0): Modeline "640x360"x59.8   18.00  640 664 720 800  360 363 368 376 -hsync +vsync (22.5 kHz d)
[    55.127] (II) modeset(0): Modeline "640x360"x59.3   17.75  640 688 720 800  360 363 368 374 +hsync -vsync (22.2 kHz d)
[    55.127] (II) modeset(0): Modeline "512x384"x120.0   32.50  512 524 592 672  384 385 388 403 doublescan -hsync -vsync (48.4 kHz d)
[    55.127] (II) modeset(0): Modeline "512x288"x120.0   23.25  512 532 580 648  288 289 292 299 doublescan -hsync +vsync (35.9 kHz d)
[    55.127] (II) modeset(0): Modeline "512x288"x119.8   21.00  512 536 552 592  288 289 292 296 doublescan +hsync -vsync (35.5 kHz d)
[    55.127] (II) modeset(0): Modeline "480x270"x119.3   20.38  480 496 544 608  270 271 274 281 doublescan -hsync +vsync (33.5 kHz d)
[    55.127] (II) modeset(0): Modeline "480x270"x119.6   18.62  480 504 520 560  270 271 274 278 doublescan +hsync -vsync (33.3 kHz d)
[    55.127] (II) modeset(0): Modeline "400x300"x120.6   20.00  400 420 484 528  300 300 302 314 doublescan +hsync +vsync (37.9 kHz d)
[    55.127] (II) modeset(0): Modeline "400x300"x112.7   18.00  400 412 448 512  300 300 301 312 doublescan +hsync +vsync (35.2 kHz d)
[    55.127] (II) modeset(0): Modeline "432x243"x119.8   16.25  432 444 484 536  243 244 247 253 doublescan -hsync +vsync (30.3 kHz d)
[    55.127] (II) modeset(0): Modeline "432x243"x119.1   15.25  432 456 472 512  243 244 247 250 doublescan +hsync -vsync (29.8 kHz d)
[    55.127] (II) modeset(0): Modeline "320x240"x120.1   12.59  320 328 376 400  240 245 246 262 doublescan -hsync -vsync (31.5 kHz d)
[    55.127] (II) modeset(0): Modeline "360x202"x119.0   11.25  360 372 404 448  202 204 206 211 doublescan -hsync +vsync (25.1 kHz d)
[    55.127] (II) modeset(0): Modeline "360x202"x118.3   10.88  360 384 400 440  202 204 206 209 doublescan +hsync -vsync (24.7 kHz d)
[    55.127] (II) modeset(0): Modeline "320x180"x119.7    9.00  320 332 360 400  180 181 184 188 doublescan -hsync +vsync (22.5 kHz d)
[    55.127] (II) modeset(0): Modeline "320x180"x118.6    8.88  320 344 360 400  180 181 184 187 doublescan +hsync -vsync (22.2 kHz d)
[    55.132] (II) modeset(0): EDID for output HDMI-1
[    55.132] (II) modeset(0): Output eDP-1 connected
[    55.132] (II) modeset(0): Output HDMI-1 disconnected
[    55.132] (II) modeset(0): Using exact sizes for initial modes
[    55.132] (II) modeset(0): Output eDP-1 using initial mode 1920x1080 +0+0
[    55.132] (==) modeset(0): Using gamma correction (1.0, 1.0, 1.0)
[    55.132] (==) modeset(0): DPI set to (96, 96)
[    55.132] (II) Loading sub module "fb"
[    55.132] (II) LoadModule: "fb"
[    55.132] (II) Loading /usr/lib/xorg/modules/libfb.so
[    55.133] (II) Module fb: vendor="X.Org Foundation"
[    55.133] 	compiled for 1.20.4, module version = 1.0.0
[    55.133] 	ABI class: X.Org ANSI C Emulation, version 0.4
[    55.133] (II) UnloadModule: "fbdev"
[    55.133] (II) Unloading fbdev
[    55.133] (II) UnloadSubModule: "fbdevhw"
[    55.133] (II) Unloading fbdevhw
[    55.133] (II) UnloadModule: "vesa"
[    55.133] (II) Unloading vesa
[    55.199] (==) modeset(0): Backing store enabled
[    55.199] (==) modeset(0): Silken mouse enabled
[    55.253] (II) modeset(0): Initializing kms color map for depth 24, 8 bpc.
[    55.253] (==) modeset(0): DPMS enabled
[    55.254] (II) modeset(0): [DRI2] Setup complete
[    55.254] (II) modeset(0): [DRI2]   DRI driver: i965
[    55.254] (II) modeset(0): [DRI2]   VDPAU driver: i965
[    55.254] (II) Initializing extension Generic Event Extension
[    55.254] (II) Initializing extension SHAPE
[    55.254] (II) Initializing extension MIT-SHM
[    55.254] (II) Initializing extension XInputExtension
[    55.255] (II) Initializing extension XTEST
[    55.255] (II) Initializing extension BIG-REQUESTS
[    55.255] (II) Initializing extension SYNC
[    55.255] (II) Initializing extension XKEYBOARD
[    55.256] (II) Initializing extension XC-MISC
[    55.256] (II) Initializing extension SECURITY
[    55.256] (II) Initializing extension XFIXES
[    55.256] (II) Initializing extension RENDER
[    55.256] (II) Initializing extension RANDR
[    55.256] (II) Initializing extension COMPOSITE
[    55.257] (II) Initializing extension DAMAGE
[    55.257] (II) Initializing extension MIT-SCREEN-SAVER
[    55.257] (II) Initializing extension DOUBLE-BUFFER
[    55.257] (II) Initializing extension RECORD
[    55.257] (II) Initializing extension DPMS
[    55.257] (II) Initializing extension Present
[    55.258] (II) Initializing extension DRI3
[    55.258] (II) Initializing extension X-Resource
[    55.258] (II) Initializing extension XVideo
[    55.258] (II) Initializing extension XVideo-MotionCompensation
[    55.258] (II) Initializing extension SELinux
[    55.258] (II) SELinux: Disabled on system
[    55.258] (II) Initializing extension GLX
[    55.268] (II) AIGLX: Loaded and initialized i965
[    55.268] (II) GLX: Initialized DRI2 GL provider for screen 0
[    55.268] (II) Initializing extension XFree86-VidModeExtension
[    55.268] (II) Initializing extension XFree86-DGA
[    55.268] (II) Initializing extension XFree86-DRI
[    55.268] (II) Initializing extension DRI2
[    55.273] (II) modeset(0): Damage tracking initialized
[    55.273] (II) modeset(0): Setting screen physical size to 508 x 285
[    55.320] (II) config/udev: Adding input device Power Button (/dev/input/event3)
[    55.320] (**) Power Button: Applying InputClass "libinput keyboard catchall"
[    55.320] (II) LoadModule: "libinput"
[    55.320] (II) Loading /usr/lib/xorg/modules/input/libinput_drv.so
[    55.322] (II) Module libinput: vendor="X.Org Foundation"
[    55.322] 	compiled for 1.20.1, module version = 0.28.1
[    55.322] 	Module class: X.Org XInput Driver
[    55.322] 	ABI class: X.Org XInput driver, version 24.1
[    55.322] (II) Using input driver 'libinput' for 'Power Button'
[    55.323] (II) systemd-logind: got fd for /dev/input/event3 13:67 fd 21 paused 0
[    55.323] (**) Power Button: always reports core events
[    55.323] (**) Option "Device" "/dev/input/event3"
[    55.323] (**) Option "_source" "server/udev"
[    55.323] (II) event3  - Power Button: is tagged by udev as: Keyboard
[    55.324] (II) event3  - Power Button: device is a keyboard
[    55.324] (II) event3  - Power Button: device removed
[    55.324] (**) Option "config_info" "udev:/sys/devices/LNXSYSTM:00/LNXPWRBN:00/input/input3/event3"
[    55.324] (II) XINPUT: Adding extended input device "Power Button" (type: KEYBOARD, id 6)
[    55.324] (**) Option "xkb_model" "pc105"
[    55.324] (**) Option "xkb_layout" "us"
[    55.324] (II) event3  - Power Button: is tagged by udev as: Keyboard
[    55.324] (II) event3  - Power Button: device is a keyboard
[    55.325] (II) config/udev: Adding input device Video Bus (/dev/input/event10)
[    55.325] (**) Video Bus: Applying InputClass "libinput keyboard catchall"
[    55.325] (II) Using input driver 'libinput' for 'Video Bus'
[    55.325] (II) systemd-logind: got fd for /dev/input/event10 13:74 fd 24 paused 0
[    55.325] (**) Video Bus: always reports core events
[    55.325] (**) Option "Device" "/dev/input/event10"
[    55.325] (**) Option "_source" "server/udev"
[    55.326] (II) event10 - Video Bus: is tagged by udev as: Keyboard
[    55.326] (II) event10 - Video Bus: device is a keyboard
[    55.326] (II) event10 - Video Bus: device removed
[    55.326] (**) Option "config_info" "udev:/sys/devices/LNXSYSTM:00/LNXSYBUS:00/PNP0A08:00/LNXVIDEO:00/input/input14/event10"
[    55.326] (II) XINPUT: Adding extended input device "Video Bus" (type: KEYBOARD, id 7)
[    55.326] (**) Option "xkb_model" "pc105"
[    55.326] (**) Option "xkb_layout" "us"
[    55.327] (II) event10 - Video Bus: is tagged by udev as: Keyboard
[    55.327] (II) event10 - Video Bus: device is a keyboard
[    55.327] (II) config/udev: Adding input device Lid Switch (/dev/input/event0)
[    55.327] (II) No input driver specified, ignoring this device.
[    55.327] (II) This device may have been added with another device file.
[    55.327] (II) config/udev: Adding input device Power Button (/dev/input/event2)
[    55.328] (**) Power Button: Applying InputClass "libinput keyboard catchall"
[    55.328] (II) Using input driver 'libinput' for 'Power Button'
[    55.328] (II) systemd-logind: got fd for /dev/input/event2 13:66 fd 25 paused 0
[    55.328] (**) Power Button: always reports core events
[    55.328] (**) Option "Device" "/dev/input/event2"
[    55.328] (**) Option "_source" "server/udev"
[    55.328] (II) event2  - Power Button: is tagged by udev as: Keyboard
[    55.329] (II) event2  - Power Button: device is a keyboard
[    55.329] (II) event2  - Power Button: device removed
[    55.329] (**) Option "config_info" "udev:/sys/devices/LNXSYSTM:00/LNXSYBUS:00/PNP0C0C:00/input/input2/event2"
[    55.329] (II) XINPUT: Adding extended input device "Power Button" (type: KEYBOARD, id 8)
[    55.329] (**) Option "xkb_model" "pc105"
[    55.329] (**) Option "xkb_layout" "us"
[    55.329] (II) event2  - Power Button: is tagged by udev as: Keyboard
[    55.329] (II) event2  - Power Button: device is a keyboard
[    55.329] (II) config/udev: Adding input device Sleep Button (/dev/input/event1)
[    55.330] (**) Sleep Button: Applying InputClass "libinput keyboard catchall"
[    55.330] (II) Using input driver 'libinput' for 'Sleep Button'
[    55.330] (II) systemd-logind: got fd for /dev/input/event1 13:65 fd 26 paused 0
[    55.330] (**) Sleep Button: always reports core events
[    55.330] (**) Option "Device" "/dev/input/event1"
[    55.330] (**) Option "_source" "server/udev"
[    55.331] (II) event1  - Sleep Button: is tagged by udev as: Keyboard
[    55.331] (II) event1  - Sleep Button: device is a keyboard
[    55.331] (II) event1  - Sleep Button: device removed
[    55.331] (**) Option "config_info" "udev:/sys/devices/LNXSYSTM:00/LNXSYBUS:00/PNP0C0E:00/input/input1/event1"
[    55.331] (II) XINPUT: Adding extended input device "Sleep Button" (type: KEYBOARD, id 9)
[    55.331] (**) Option "xkb_model" "pc105"
[    55.331] (**) Option "xkb_layout" "us"
[    55.331] (II) event1  - Sleep Button: is tagged by udev as: Keyboard
[    55.331] (II) event1  - Sleep Button: device is a keyboard
[    55.332] (II) config/udev: Adding input device Logitech M215 2nd Gen (/dev/input/event5)
[    55.332] (**) Logitech M215 2nd Gen: Applying InputClass "libinput pointer catchall"
[    55.332] (II) Using input driver 'libinput' for 'Logitech M215 2nd Gen'
[    55.332] (II) systemd-logind: got fd for /dev/input/event5 13:69 fd 27 paused 0
[    55.332] (**) Logitech M215 2nd Gen: always reports core events
[    55.332] (**) Option "Device" "/dev/input/event5"
[    55.332] (**) Option "_source" "server/udev"
[    55.333] (II) event5  - Logitech M215 2nd Gen: is tagged by udev as: Mouse
[    55.333] (II) event5  - Logitech M215 2nd Gen: device is a pointer
[    55.333] (II) event5  - Logitech M215 2nd Gen: device removed
[    55.333] (**) Option "config_info" "udev:/sys/devices/pci0000:00/0000:00:14.0/usb1/1-4/1-4:1.2/0003:046D:C52B.0003/0003:046D:401B.0004/input/input9/event5"
[    55.333] (II) XINPUT: Adding extended input device "Logitech M215 2nd Gen" (type: MOUSE, id 10)
[    55.333] (**) Option "AccelerationScheme" "none"
[    55.333] (**) Logitech M215 2nd Gen: (accel) selected scheme none/0
[    55.333] (**) Logitech M215 2nd Gen: (accel) acceleration factor: 2.000
[    55.333] (**) Logitech M215 2nd Gen: (accel) acceleration threshold: 4
[    55.334] (II) event5  - Logitech M215 2nd Gen: is tagged by udev as: Mouse
[    55.334] (II) event5  - Logitech M215 2nd Gen: device is a pointer
[    55.334] (II) config/udev: Adding input device Logitech M215 2nd Gen (/dev/input/mouse0)
[    55.334] (II) No input driver specified, ignoring this device.
[    55.334] (II) This device may have been added with another device file.
[    55.335] (II) config/udev: Adding input device USB2.0 HD UVC WebCam: USB2.0 HD (/dev/input/event9)
[    55.335] (**) USB2.0 HD UVC WebCam: USB2.0 HD: Applying InputClass "libinput keyboard catchall"
[    55.335] (II) Using input driver 'libinput' for 'USB2.0 HD UVC WebCam: USB2.0 HD'
[    55.335] (II) systemd-logind: got fd for /dev/input/event9 13:73 fd 28 paused 0
[    55.335] (**) USB2.0 HD UVC WebCam: USB2.0 HD: always reports core events
[    55.335] (**) Option "Device" "/dev/input/event9"
[    55.335] (**) Option "_source" "server/udev"
[    55.336] (II) event9  - USB2.0 HD UVC WebCam: USB2.0 HD: is tagged by udev as: Keyboard
[    55.336] (II) event9  - USB2.0 HD UVC WebCam: USB2.0 HD: device is a keyboard
[    55.336] (II) event9  - USB2.0 HD UVC WebCam: USB2.0 HD: device removed
[    55.336] (**) Option "config_info" "udev:/sys/devices/pci0000:00/0000:00:14.0/usb1/1-6/1-6:1.0/input/input13/event9"
[    55.336] (II) XINPUT: Adding extended input device "USB2.0 HD UVC WebCam: USB2.0 HD" (type: KEYBOARD, id 11)
[    55.336] (**) Option "xkb_model" "pc105"
[    55.336] (**) Option "xkb_layout" "us"
[    55.336] (II) event9  - USB2.0 HD UVC WebCam: USB2.0 HD: is tagged by udev as: Keyboard
[    55.336] (II) event9  - USB2.0 HD UVC WebCam: USB2.0 HD: device is a keyboard
[    55.337] (II) config/udev: Adding input device ELAN1300:00 04F3:3057 Touchpad (/dev/input/event15)
[    55.337] (**) ELAN1300:00 04F3:3057 Touchpad: Applying InputClass "libinput touchpad catchall"
[    55.337] (II) Using input driver 'libinput' for 'ELAN1300:00 04F3:3057 Touchpad'
[    55.338] (II) systemd-logind: got fd for /dev/input/event15 13:79 fd 29 paused 0
[    55.338] (**) ELAN1300:00 04F3:3057 Touchpad: always reports core events
[    55.338] (**) Option "Device" "/dev/input/event15"
[    55.338] (**) Option "_source" "server/udev"
[    55.338] (II) event15 - ELAN1300:00 04F3:3057 Touchpad: is tagged by udev as: Touchpad
[    55.338] (II) event15 - ELAN1300:00 04F3:3057 Touchpad: device is a touchpad
[    55.338] (II) event15 - ELAN1300:00 04F3:3057 Touchpad: device removed
[    55.338] (**) Option "config_info" "udev:/sys/devices/pci0000:00/0000:00:15.1/i2c_designware.1/i2c-1/i2c-ELAN1300:00/0018:04F3:3057.0005/input/input22/event15"
[    55.338] (II) XINPUT: Adding extended input device "ELAN1300:00 04F3:3057 Touchpad" (type: TOUCHPAD, id 12)
[    55.338] (**) Option "AccelerationScheme" "none"
[    55.338] (**) ELAN1300:00 04F3:3057 Touchpad: (accel) selected scheme none/0
[    55.338] (**) ELAN1300:00 04F3:3057 Touchpad: (accel) acceleration factor: 2.000
[    55.338] (**) ELAN1300:00 04F3:3057 Touchpad: (accel) acceleration threshold: 4
[    55.339] (II) event15 - ELAN1300:00 04F3:3057 Touchpad: is tagged by udev as: Touchpad
[    55.339] (II) event15 - ELAN1300:00 04F3:3057 Touchpad: device is a touchpad
[    55.339] (II) config/udev: Adding input device ELAN1300:00 04F3:3057 Touchpad (/dev/input/mouse1)
[    55.339] (II) No input driver specified, ignoring this device.
[    55.339] (II) This device may have been added with another device file.
[    55.340] (II) config/udev: Adding input device HDA Intel PCH Headphone (/dev/input/event6)
[    55.340] (II) No input driver specified, ignoring this device.
[    55.340] (II) This device may have been added with another device file.
[    55.340] (II) config/udev: Adding input device HDA Intel PCH HDMI/DP,pcm=3 (/dev/input/event7)
[    55.340] (II) No input driver specified, ignoring this device.
[    55.340] (II) This device may have been added with another device file.
[    55.340] (II) config/udev: Adding input device HDA Intel PCH HDMI/DP,pcm=7 (/dev/input/event11)
[    55.340] (II) No input driver specified, ignoring this device.
[    55.340] (II) This device may have been added with another device file.
[    55.340] (II) config/udev: Adding input device HDA Intel PCH HDMI/DP,pcm=8 (/dev/input/event12)
[    55.340] (II) No input driver specified, ignoring this device.
[    55.340] (II) This device may have been added with another device file.
[    55.341] (II) config/udev: Adding input device HDA Intel PCH HDMI/DP,pcm=9 (/dev/input/event13)
[    55.341] (II) No input driver specified, ignoring this device.
[    55.341] (II) This device may have been added with another device file.
[    55.341] (II) config/udev: Adding input device HDA Intel PCH HDMI/DP,pcm=10 (/dev/input/event14)
[    55.341] (II) No input driver specified, ignoring this device.
[    55.341] (II) This device may have been added with another device file.
[    55.341] (II) config/udev: Adding input device Asus WMI hotkeys (/dev/input/event8)
[    55.341] (**) Asus WMI hotkeys: Applying InputClass "libinput keyboard catchall"
[    55.341] (II) Using input driver 'libinput' for 'Asus WMI hotkeys'
[    55.342] (II) systemd-logind: got fd for /dev/input/event8 13:72 fd 30 paused 0
[    55.342] (**) Asus WMI hotkeys: always reports core events
[    55.342] (**) Option "Device" "/dev/input/event8"
[    55.342] (**) Option "_source" "server/udev"
[    55.342] (II) event8  - Asus WMI hotkeys: is tagged by udev as: Keyboard
[    55.342] (II) event8  - Asus WMI hotkeys: device is a keyboard
[    55.342] (II) event8  - Asus WMI hotkeys: device removed
[    55.342] (**) Option "config_info" "udev:/sys/devices/platform/asus-nb-wmi/input/input12/event8"
[    55.342] (II) XINPUT: Adding extended input device "Asus WMI hotkeys" (type: KEYBOARD, id 13)
[    55.342] (**) Option "xkb_model" "pc105"
[    55.342] (**) Option "xkb_layout" "us"
[    55.343] (II) event8  - Asus WMI hotkeys: is tagged by udev as: Keyboard
[    55.343] (II) event8  - Asus WMI hotkeys: device is a keyboard
[    55.343] (II) config/udev: Adding input device AT Translated Set 2 keyboard (/dev/input/event4)
[    55.343] (**) AT Translated Set 2 keyboard: Applying InputClass "libinput keyboard catchall"
[    55.343] (II) Using input driver 'libinput' for 'AT Translated Set 2 keyboard'
[    55.344] (II) systemd-logind: got fd for /dev/input/event4 13:68 fd 31 paused 0
[    55.344] (**) AT Translated Set 2 keyboard: always reports core events
[    55.344] (**) Option "Device" "/dev/input/event4"
[    55.344] (**) Option "_source" "server/udev"
[    55.344] (II) event4  - AT Translated Set 2 keyboard: is tagged by udev as: Keyboard
[    55.344] (II) event4  - AT Translated Set 2 keyboard: device is a keyboard
[    55.344] (II) event4  - AT Translated Set 2 keyboard: device removed
[    55.344] (**) Option "config_info" "udev:/sys/devices/platform/i8042/serio0/input/input4/event4"
[    55.344] (II) XINPUT: Adding extended input device "AT Translated Set 2 keyboard" (type: KEYBOARD, id 14)
[    55.344] (**) Option "xkb_model" "pc105"
[    55.344] (**) Option "xkb_layout" "us"
[    55.345] (II) event4  - AT Translated Set 2 keyboard: is tagged by udev as: Keyboard
[    55.345] (II) event4  - AT Translated Set 2 keyboard: device is a keyboard
[    55.711] (II) modeset(0): EDID vendor "LGD", prod id 1379
[    55.711] (II) modeset(0): Printing DDC gathered Modelines:
[    55.711] (II) modeset(0): Modeline "1920x1080"x0.0  138.60  1920 1968 2000 2080  1080 1083 1088 1111 -hsync -vsync (66.6 kHz eP)
