[2019-11-21T02:52:21.649Z] starting `/usr/local/lib/heroku/bin/heroku update --autoupdate` from /usr/local/lib/heroku/bin/run version
waiting until 2019-11-21T03:52:21.641Z to update
waiting until 2019-11-21T03:53:16.574Z to update
waiting until 2019-11-21T03:54:17.664Z to update
waiting until 2019-11-21T03:55:09.797Z to update
waiting until 2019-11-21T03:55:39.678Z to update
waiting until 2019-11-21T03:57:03.155Z to update
waiting until 2019-11-21T03:57:03.155Z to update
waiting until 2019-11-21T03:57:03.155Z to update
waiting until 2019-11-21T03:57:03.155Z to update
waiting until 2019-11-21T03:57:03.155Z to update
waiting until 2019-11-21T03:57:03.155Z to update
waiting until 2019-11-21T03:57:03.155Z to update
waiting until 2019-11-21T03:57:03.155Z to update
waiting until 2019-11-21T03:57:03.155Z to update
waiting until 2019-11-21T03:57:03.155Z to update
waiting until 2019-11-21T03:57:03.155Z to update
waiting until 2019-11-21T03:57:03.155Z to update
waiting until 2019-11-21T03:57:03.155Z to update
waiting until 2019-11-21T03:57:03.155Z to update
waiting until 2019-11-21T03:57:03.155Z to update
waiting until 2019-11-21T03:57:03.155Z to update
waiting until 2019-11-21T03:57:03.155Z to update
waiting until 2019-11-21T03:57:03.155Z to update
waiting until 2019-11-21T03:57:03.155Z to update
waiting until 2019-11-21T03:57:03.155Z to update
waiting until 2019-11-21T03:57:03.155Z to update
waiting until 2019-11-21T03:57:03.155Z to update
waiting until 2019-11-21T03:57:03.155Z to update
waiting until 2019-11-21T03:57:03.155Z to update
waiting until 2019-11-21T03:57:03.155Z to update
waiting until 2019-11-21T03:57:03.155Z to update
waiting until 2019-11-21T03:57:03.155Z to update
waiting until 2019-11-21T03:57:03.155Z to update
waiting until 2019-11-21T03:57:03.155Z to update
waiting until 2019-11-21T03:57:03.155Z to update
waiting until 2019-11-21T03:57:03.155Z to update
waiting until 2019-11-21T03:57:03.155Z to update
waiting until 2019-11-21T03:57:03.155Z to update
waiting until 2019-11-21T03:57:03.155Z to update
waiting until 2019-11-21T03:57:03.155Z to update
waiting until 2019-11-21T04:31:40.985Z to update
waiting until 2019-11-21T04:31:40.985Z to update
waiting until 2019-11-21T04:31:40.985Z to update
waiting until 2019-11-21T04:31:40.985Z to update
waiting until 2019-11-21T04:31:40.985Z to update
waiting until 2019-11-21T04:31:40.985Z to update
waiting until 2019-11-21T04:38:20.105Z to update
waiting until 2019-11-21T04:38:20.105Z to update
waiting until 2019-11-21T04:38:20.105Z to update
waiting until 2019-11-21T04:38:20.105Z to update
waiting until 2019-11-21T04:38:20.105Z to update
waiting until 2019-11-21T04:42:40.442Z to update
waiting until 2019-11-21T04:42:40.442Z to update
waiting until 2019-11-21T04:42:40.442Z to update
waiting until 2019-11-21T04:42:40.442Z to update
waiting until 2019-11-21T04:42:40.442Z to update
waiting until 2019-11-21T04:42:40.442Z to update
waiting until 2019-11-21T04:42:40.442Z to update
waiting until 2019-11-21T04:42:40.442Z to update
waiting until 2019-11-21T04:42:40.442Z to update
waiting until 2019-11-21T04:42:40.442Z to update
waiting until 2019-11-21T04:42:40.442Z to update
waiting until 2019-11-21T04:42:40.442Z to update
waiting until 2019-11-21T04:42:40.442Z to update
waiting until 2019-11-21T04:42:40.442Z to update
waiting until 2019-11-21T04:42:40.442Z to update
waiting until 2019-11-21T04:42:40.442Z to update
waiting until 2019-11-21T04:42:40.442Z to update
waiting until 2019-11-21T04:42:40.442Z to update
waiting until 2019-11-21T04:42:40.442Z to update
waiting until 2019-11-21T04:42:40.442Z to update
waiting until 2019-11-21T04:42:40.442Z to update
waiting until 2019-11-21T04:42:40.442Z to update
waiting until 2019-11-21T04:42:40.442Z to update
waiting until 2019-11-21T04:42:40.442Z to update
waiting until 2019-11-21T04:42:40.442Z to update
waiting until 2019-11-21T04:42:40.442Z to update
waiting until 2019-11-21T04:42:40.442Z to update
waiting until 2019-11-21T04:42:40.442Z to update
waiting until 2019-11-21T04:42:40.442Z to update
waiting until 2019-11-21T04:42:40.442Z to update
waiting until 2019-11-21T04:42:40.442Z to update
waiting until 2019-11-21T04:42:40.442Z to update
waiting until 2019-11-21T04:42:40.442Z to update
waiting until 2019-11-21T04:42:40.442Z to update
waiting until 2019-11-21T04:42:40.442Z to update
waiting until 2019-11-21T04:42:40.442Z to update
waiting until 2019-11-21T04:42:40.442Z to update
waiting until 2019-11-21T04:42:40.442Z to update
waiting until 2019-11-21T04:42:40.442Z to update
waiting until 2019-11-21T04:42:40.442Z to update
waiting until 2019-11-21T04:42:40.442Z to update
waiting until 2019-11-21T04:42:40.442Z to update
waiting until 2019-11-21T04:42:40.442Z to update
waiting until 2019-11-21T04:42:40.442Z to update
waiting until 2019-11-21T04:42:40.442Z to update
waiting until 2019-11-21T04:42:40.442Z to update
waiting until 2019-11-21T04:42:40.442Z to update
waiting until 2019-11-21T04:42:40.442Z to update
waiting until 2019-11-21T04:42:40.442Z to update
waiting until 2019-11-21T04:42:40.442Z to update
waiting until 2019-11-21T04:42:40.442Z to update
waiting until 2019-11-21T04:42:40.442Z to update
waiting until 2019-11-21T04:42:40.442Z to update
waiting until 2019-11-21T04:42:40.442Z to update
waiting until 2019-11-21T04:42:40.442Z to update
waiting until 2019-11-21T04:42:40.442Z to update
waiting until 2019-11-21T04:42:40.442Z to update
waiting until 2019-11-21T04:42:40.442Z to update
waiting until 2019-11-21T04:42:40.442Z to update
waiting until 2019-11-21T04:42:40.442Z to update
time to update
heroku: Updating CLI... already on latest version: 7.35.0
Updating completions...
Updating completions... done
